<?xml version="1.0" encoding="UTF-8"?>
<!-- Generated by org.testng.reporters.JUnitReportReporter -->
<testsuite hostname="DESKTOP-HCL6RHT" failures="0" tests="1" name="SeleniumMavenJenkinsIntegration.TestCase1" time="3.031" errors="0" timestamp="2023-01-06T19:33:57 IST" skipped="0">
  <testcase classname="SeleniumMavenJenkinsIntegration.TestCase1" name="testCase01" time="3.031"/>
  <system-out/>
</testsuite> <!-- SeleniumMavenJenkinsIntegration.TestCase1 -->
