<?xml version="1.0" encoding="UTF-8"?>
<!-- Generated by org.testng.reporters.JUnitReportReporter -->
<testsuite hostname="DESKTOP-HCL6RHT" failures="0" tests="1" name="SeleniumMavenJenkinsIntegration.TestCase3" time="5.074" errors="0" timestamp="2023-01-06T19:33:57 IST" skipped="0">
  <testcase classname="SeleniumMavenJenkinsIntegration.TestCase3" name="testCase01" time="5.074"/>
  <system-out/>
</testsuite> <!-- SeleniumMavenJenkinsIntegration.TestCase3 -->
